<?xml version="1.0" encoding="UTF-8"?>
<!-- Generated by org.testng.reporters.JUnitReportReporter -->
<testsuite hostname="L-IRE-3VRNML3" failures="0" tests="1" name="org.aspire.testCases.CheckOutTest" time="64.226" errors="0" timestamp="2022-11-27T22:27:57 GMT" skipped="0">
  <testcase classname="org.aspire.testCases.CheckOutTest" name="checkOut" time="64.226"/>
  <system-out/>
</testsuite> <!-- org.aspire.testCases.CheckOutTest -->
