<?xml version="1.0" encoding="UTF-8"?>
<!-- Generated by org.testng.reporters.JUnitReportReporter -->
<testsuite hostname="L-IRE-3VRNML3" failures="0" tests="1" name="org.aspire.testCases.CheckOutTest" time="63.029" errors="0" timestamp="2022-11-28T11:27:54 GMT" skipped="0">
  <testcase classname="org.aspire.testCases.CheckOutTest" name="checkOut" time="63.029"/>
  <system-out/>
</testsuite> <!-- org.aspire.testCases.CheckOutTest -->
